app/build/intermediates/manifest_merge_blame_file/debug/manifest-merger-blame-debug-report.txt
1<?xml version="1.0" encoding="utf-8"?>
2<manifest xmlns:android="http://schemas.android.com/apk/res/android"
3    package="com.sas.delhibusnavigator"
4    android:versionCode="1"
5    android:versionName="1.0" >
6
7    <uses-sdk
7-->src\main\AndroidManifest.xml:7:5-47
8        android:minSdkVersion="17"
8-->src\main\AndroidManifest.xml:7:5-47
9        android:targetSdkVersion="30" />
9-->src\main\AndroidManifest.xml:7:15-44
10
11    <uses-permission android:name="android.permission.ACCESS_NETWORK_STATE" />
11-->src\main\AndroidManifest.xml:8:1-75
11-->src\main\AndroidManifest.xml:8:18-72
12    <uses-permission android:name="android.permission.INTERNET" />
12-->src\main\AndroidManifest.xml:9:5-67
12-->src\main\AndroidManifest.xml:9:22-64
13    <uses-permission android:name="android.permission.CALL_PHONE" />
13-->src\main\AndroidManifest.xml:10:5-68
13-->src\main\AndroidManifest.xml:10:22-66
14
15    <application
15-->src\main\AndroidManifest.xml:11:5-126:19
16        android:allowBackup="true"
16-->src\main\AndroidManifest.xml:12:9-35
17        android:appComponentFactory="androidx.core.app.CoreComponentFactory"
17-->[androidx.core:core:1.0.0] AndroidManifest.xml:22:18-86
18        android:debuggable="true"
19        android:icon="@drawable/ic_launcher"
19-->src\main\AndroidManifest.xml:13:9-45
20        android:label="@string/app_name"
20-->src\main\AndroidManifest.xml:14:9-41
21        android:testOnly="true"
22        android:theme="@style/Theme" >
22-->src\main\AndroidManifest.xml:15:9-37
23        <activity
23-->src\main\AndroidManifest.xml:16:9-27:20
24            android:name="com.sas.delhibusnavigator.SplashActivity"
24-->src\main\AndroidManifest.xml:17:13-68
25            android:screenOrientation="portrait"
25-->src\main\AndroidManifest.xml:19:13-49
26            android:theme="@android:style/Theme.NoTitleBar" >
26-->src\main\AndroidManifest.xml:18:13-60
27            <intent-filter>
27-->src\main\AndroidManifest.xml:22:13-26:29
28                <action android:name="android.intent.action.MAIN" />
28-->src\main\AndroidManifest.xml:23:17-69
28-->src\main\AndroidManifest.xml:23:25-66
29
30                <category android:name="android.intent.category.LAUNCHER" />
30-->src\main\AndroidManifest.xml:25:17-77
30-->src\main\AndroidManifest.xml:25:27-74
31            </intent-filter>
32        </activity>
33        <activity
33-->src\main\AndroidManifest.xml:29:9-38:20
34            android:name="com.sas.delhibusnavigator.MainActivity"
34-->src\main\AndroidManifest.xml:30:13-66
35            android:label="@string/app_name"
35-->src\main\AndroidManifest.xml:31:13-45
36            android:screenOrientation="portrait" >
36-->src\main\AndroidManifest.xml:32:13-49
37            <intent-filter>
37-->src\main\AndroidManifest.xml:33:13-37:29
38                <action android:name="com.sas.delhibusnavigator.MAINACTIVITY" />
38-->src\main\AndroidManifest.xml:34:17-81
38-->src\main\AndroidManifest.xml:34:25-78
39
40                <category android:name="android.intent.category.DEFAULT" />
40-->src\main\AndroidManifest.xml:36:17-76
40-->src\main\AndroidManifest.xml:36:27-73
41            </intent-filter>
42        </activity>
43        <activity
43-->src\main\AndroidManifest.xml:39:9-53:20
44            android:name="com.sas.delhibusnavigator.ViewRouteActivity"
44-->src\main\AndroidManifest.xml:40:13-71
45            android:label="@string/app_name"
45-->src\main\AndroidManifest.xml:41:13-45
46            android:parentActivityName="com.sas.delhibusnavigator.MainActivity"
46-->src\main\AndroidManifest.xml:42:13-80
47            android:screenOrientation="portrait" >
47-->src\main\AndroidManifest.xml:43:13-49
48            <meta-data
48-->src\main\AndroidManifest.xml:44:13-46:74
49                android:name="android.support.PARENT_ACTIVITY"
49-->src\main\AndroidManifest.xml:45:17-63
50                android:value="com.sas.delhibusnavigator.MainActivity" />
50-->src\main\AndroidManifest.xml:46:17-71
51
52            <intent-filter>
52-->src\main\AndroidManifest.xml:48:13-52:29
53                <action android:name="com.sas.delhibusnavigator.VIEWROUTEACTIVITY" />
53-->src\main\AndroidManifest.xml:49:17-86
53-->src\main\AndroidManifest.xml:49:25-83
54
55                <category android:name="android.intent.category.DEFAULT" />
55-->src\main\AndroidManifest.xml:36:17-76
55-->src\main\AndroidManifest.xml:36:27-73
56            </intent-filter>
57        </activity>
58        <activity
58-->src\main\AndroidManifest.xml:54:9-68:20
59            android:name="com.sas.delhibusnavigator.RouteActivity"
59-->src\main\AndroidManifest.xml:55:13-67
60            android:label="@string/app_name"
60-->src\main\AndroidManifest.xml:56:13-45
61            android:parentActivityName="com.sas.delhibusnavigator.MainActivity"
61-->src\main\AndroidManifest.xml:57:13-80
62            android:screenOrientation="portrait" >
62-->src\main\AndroidManifest.xml:58:13-49
63            <meta-data
63-->src\main\AndroidManifest.xml:44:13-46:74
64                android:name="android.support.PARENT_ACTIVITY"
64-->src\main\AndroidManifest.xml:45:17-63
65                android:value="com.sas.delhibusnavigator.MainActivity" />
65-->src\main\AndroidManifest.xml:46:17-71
66
67            <intent-filter>
67-->src\main\AndroidManifest.xml:63:13-67:29
68                <action android:name="com.sas.delhibusnavigator.ROUTEACTIVITY" />
68-->src\main\AndroidManifest.xml:64:17-82
68-->src\main\AndroidManifest.xml:64:25-79
69
70                <category android:name="android.intent.category.DEFAULT" />
70-->src\main\AndroidManifest.xml:36:17-76
70-->src\main\AndroidManifest.xml:36:27-73
71            </intent-filter>
72        </activity>
73        <activity
73-->src\main\AndroidManifest.xml:69:9-83:20
74            android:name="com.sas.delhibusnavigator.AboutActivity"
74-->src\main\AndroidManifest.xml:70:13-67
75            android:label="@string/app_name"
75-->src\main\AndroidManifest.xml:71:13-45
76            android:parentActivityName="com.sas.delhibusnavigator.MainActivity"
76-->src\main\AndroidManifest.xml:72:13-80
77            android:screenOrientation="portrait" >
77-->src\main\AndroidManifest.xml:73:13-49
78            <meta-data
78-->src\main\AndroidManifest.xml:44:13-46:74
79                android:name="android.support.PARENT_ACTIVITY"
79-->src\main\AndroidManifest.xml:45:17-63
80                android:value="com.sas.delhibusnavigator.MainActivity" />
80-->src\main\AndroidManifest.xml:46:17-71
81
82            <intent-filter>
82-->src\main\AndroidManifest.xml:78:13-82:29
83                <action android:name="com.sas.delhibusnavigator.ABOUTACTIVITY" />
83-->src\main\AndroidManifest.xml:79:17-82
83-->src\main\AndroidManifest.xml:79:25-79
84
85                <category android:name="android.intent.category.DEFAULT" />
85-->src\main\AndroidManifest.xml:36:17-76
85-->src\main\AndroidManifest.xml:36:27-73
86            </intent-filter>
87        </activity>
88        <activity
88-->src\main\AndroidManifest.xml:84:9-98:20
89            android:name="com.sas.delhibusnavigator.DisclaimerActivity"
89-->src\main\AndroidManifest.xml:85:13-72
90            android:label="@string/app_name"
90-->src\main\AndroidManifest.xml:86:13-45
91            android:parentActivityName="com.sas.delhibusnavigator.MainActivity"
91-->src\main\AndroidManifest.xml:87:13-80
92            android:screenOrientation="portrait" >
92-->src\main\AndroidManifest.xml:88:13-49
93            <meta-data
93-->src\main\AndroidManifest.xml:44:13-46:74
94                android:name="android.support.PARENT_ACTIVITY"
94-->src\main\AndroidManifest.xml:45:17-63
95                android:value="com.sas.delhibusnavigator.MainActivity" />
95-->src\main\AndroidManifest.xml:46:17-71
96
97            <intent-filter>
97-->src\main\AndroidManifest.xml:93:13-97:29
98                <action android:name="com.sas.delhibusnavigator.DISCLAIMERACTIVITY" />
98-->src\main\AndroidManifest.xml:94:17-87
98-->src\main\AndroidManifest.xml:94:25-84
99
100                <category android:name="android.intent.category.DEFAULT" />
100-->src\main\AndroidManifest.xml:36:17-76
100-->src\main\AndroidManifest.xml:36:27-73
101            </intent-filter>
102        </activity>
103        <activity
103-->src\main\AndroidManifest.xml:99:9-113:20
104            android:name="com.sas.delhibusnavigator.TourismActivity"
104-->src\main\AndroidManifest.xml:100:13-69
105            android:label="@string/app_name"
105-->src\main\AndroidManifest.xml:101:13-45
106            android:parentActivityName="com.sas.delhibusnavigator.MainActivity"
106-->src\main\AndroidManifest.xml:102:13-80
107            android:screenOrientation="portrait" >
107-->src\main\AndroidManifest.xml:103:13-49
108            <meta-data
108-->src\main\AndroidManifest.xml:44:13-46:74
109                android:name="android.support.PARENT_ACTIVITY"
109-->src\main\AndroidManifest.xml:45:17-63
110                android:value="com.sas.delhibusnavigator.MainActivity" />
110-->src\main\AndroidManifest.xml:46:17-71
111
112            <intent-filter>
112-->src\main\AndroidManifest.xml:108:13-112:29
113                <action android:name="com.sas.delhibusnavigator.TOURISMACTIVITY" />
113-->src\main\AndroidManifest.xml:109:17-84
113-->src\main\AndroidManifest.xml:109:25-81
114
115                <category android:name="android.intent.category.DEFAULT" />
115-->src\main\AndroidManifest.xml:36:17-76
115-->src\main\AndroidManifest.xml:36:27-73
116            </intent-filter>
117        </activity>
118        <activity
118-->src\main\AndroidManifest.xml:116:9-124:20
119            android:name="com.sas.delhibusnavigator.TutorialActivity"
119-->src\main\AndroidManifest.xml:117:13-70
120            android:label="@string/app_name"
120-->src\main\AndroidManifest.xml:118:13-45
121            android:theme="@android:style/Theme.Translucent.NoTitleBar" >
121-->src\main\AndroidManifest.xml:119:13-72
122            <intent-filter>
122-->src\main\AndroidManifest.xml:120:13-123:29
123                <action android:name="com.sas.delhibusnavigator.TUTORIALACTIVITY" />
123-->src\main\AndroidManifest.xml:121:17-84
123-->src\main\AndroidManifest.xml:121:25-82
124
125                <category android:name="android.intent.category.DEFAULT" />
125-->src\main\AndroidManifest.xml:36:17-76
125-->src\main\AndroidManifest.xml:36:27-73
126            </intent-filter>
127        </activity>
128    </application>
129
130</manifest>